----------------------------------------------------------------
Mon Sep 08 09:23:56 EDT 2014:
Booting Derby version The Apache Software Foundation - Apache Derby - 10.11.1.1 - (1616546): instance a816c00e-0148-556f-628e-0000579dfcc0 
on database directory /home/jdr0887/workspace/kiluet/jgringotts/jgringotts/jgringotts-jfx/db with class loader sun.misc.Launcher$AppClassLoader@73d16e93 
Loaded from file:/home/jdr0887/.m2/repository/org/apache/derby/derby/10.11.1.1/derby-10.11.1.1.jar
java.vendor=Oracle Corporation
java.runtime.version=1.8.0_20-b26
user.dir=/home/jdr0887/workspace/kiluet/jgringotts/jgringotts/jgringotts-jfx
os.name=Linux
os.arch=amd64
os.version=3.13.0-27-generic
derby.system.home=null
Database Class Loader started - derby.database.classpath=''
----------------------------------------------------------------
Mon Sep 08 09:23:56 EDT 2014:
Shutting down instance a816c00e-0148-556f-628e-0000579dfcc0 on database directory /home/jdr0887/workspace/kiluet/jgringotts/jgringotts/jgringotts-jfx/db with class loader sun.misc.Launcher$AppClassLoader@73d16e93 
----------------------------------------------------------------
Mon Sep 08 09:23:56 EDT 2014:
Booting Derby version The Apache Software Foundation - Apache Derby - 10.11.1.1 - (1616546): instance 601a400f-0148-556f-628e-0000579dfcc0 
on database directory /home/jdr0887/workspace/kiluet/jgringotts/jgringotts/jgringotts-jfx/db with class loader sun.misc.Launcher$AppClassLoader@73d16e93 
Loaded from file:/home/jdr0887/.m2/repository/org/apache/derby/derby/10.11.1.1/derby-10.11.1.1.jar
java.vendor=Oracle Corporation
java.runtime.version=1.8.0_20-b26
user.dir=/home/jdr0887/workspace/kiluet/jgringotts/jgringotts/jgringotts-jfx
os.name=Linux
os.arch=amd64
os.version=3.13.0-27-generic
derby.system.home=null
Database Class Loader started - derby.database.classpath=''
